<?xml version="1.0" encoding="UTF-8"?>
<testsuite xmlns:xsi="http://www.w3.org/2001/XMLSchema-instance" xsi:noNamespaceSchemaLocation="https://maven.apache.org/surefire/maven-surefire-plugin/xsd/surefire-test-report.xsd" name="Login into Zero Web Security application" time="4.369" tests="1" errors="0" skipped="0" failures="0">
  <properties>
    <property name="gopherProxySet" value="false"/>
    <property name="awt.toolkit" value="sun.lwawt.macosx.LWCToolkit"/>
    <property name="java.specification.version" value="11"/>
    <property name="webdriver.chrome.driver" value="/Users/giridharrajkumar/eclipse-workspace/cucumber-azure-devops-sample/drivers/chromedriver"/>
    <property name="sun.cpu.isalist" value=""/>
    <property name="sun.jnu.encoding" value="UTF-8"/>
    <property name="java.class.path" value="/Users/giridharrajkumar/eclipse-workspace/cucumber-azure-devops-sample/target/test-classes:/Users/giridharrajkumar/eclipse-workspace/cucumber-azure-devops-sample/target/classes:/Users/giridharrajkumar/.m2/repository/io/cucumber/cucumber-java/6.10.0/cucumber-java-6.10.0.jar:/Users/giridharrajkumar/.m2/repository/io/cucumber/cucumber-core/6.10.0/cucumber-core-6.10.0.jar:/Users/giridharrajkumar/.m2/repository/io/cucumber/cucumber-gherkin/6.10.0/cucumber-gherkin-6.10.0.jar:/Users/giridharrajkumar/.m2/repository/io/cucumber/cucumber-gherkin-messages/6.10.0/cucumber-gherkin-messages-6.10.0.jar:/Users/giridharrajkumar/.m2/repository/io/cucumber/messages/14.0.1/messages-14.0.1.jar:/Users/giridharrajkumar/.m2/repository/io/cucumber/tag-expressions/3.0.0/tag-expressions-3.0.0.jar:/Users/giridharrajkumar/.m2/repository/io/cucumber/cucumber-expressions/10.3.0/cucumber-expressions-10.3.0.jar:/Users/giridharrajkumar/.m2/repository/io/cucumber/datatable/3.5.0/datatable-3.5.0.jar:/Users/giridharrajkumar/.m2/repository/io/cucumber/cucumber-plugin/6.10.0/cucumber-plugin-6.10.0.jar:/Users/giridharrajkumar/.m2/repository/io/cucumber/docstring/6.10.0/docstring-6.10.0.jar:/Users/giridharrajkumar/.m2/repository/io/cucumber/html-formatter/12.0.0/html-formatter-12.0.0.jar:/Users/giridharrajkumar/.m2/repository/io/cucumber/create-meta/3.0.0/create-meta-3.0.0.jar:/Users/giridharrajkumar/.m2/repository/org/apiguardian/apiguardian-api/1.1.1/apiguardian-api-1.1.1.jar:/Users/giridharrajkumar/.m2/repository/org/seleniumhq/selenium/selenium-java/3.141.59/selenium-java-3.141.59.jar:/Users/giridharrajkumar/.m2/repository/org/seleniumhq/selenium/selenium-api/3.141.59/selenium-api-3.141.59.jar:/Users/giridharrajkumar/.m2/repository/org/seleniumhq/selenium/selenium-chrome-driver/3.141.59/selenium-chrome-driver-3.141.59.jar:/Users/giridharrajkumar/.m2/repository/org/seleniumhq/selenium/selenium-edge-driver/3.141.59/selenium-edge-driver-3.141.59.jar:/Users/giridharrajkumar/.m2/repository/org/seleniumhq/selenium/selenium-firefox-driver/3.141.59/selenium-firefox-driver-3.141.59.jar:/Users/giridharrajkumar/.m2/repository/org/seleniumhq/selenium/selenium-ie-driver/3.141.59/selenium-ie-driver-3.141.59.jar:/Users/giridharrajkumar/.m2/repository/org/seleniumhq/selenium/selenium-opera-driver/3.141.59/selenium-opera-driver-3.141.59.jar:/Users/giridharrajkumar/.m2/repository/org/seleniumhq/selenium/selenium-remote-driver/3.141.59/selenium-remote-driver-3.141.59.jar:/Users/giridharrajkumar/.m2/repository/org/seleniumhq/selenium/selenium-safari-driver/3.141.59/selenium-safari-driver-3.141.59.jar:/Users/giridharrajkumar/.m2/repository/org/seleniumhq/selenium/selenium-support/3.141.59/selenium-support-3.141.59.jar:/Users/giridharrajkumar/.m2/repository/net/bytebuddy/byte-buddy/1.8.15/byte-buddy-1.8.15.jar:/Users/giridharrajkumar/.m2/repository/org/apache/commons/commons-exec/1.3/commons-exec-1.3.jar:/Users/giridharrajkumar/.m2/repository/com/google/guava/guava/25.0-jre/guava-25.0-jre.jar:/Users/giridharrajkumar/.m2/repository/com/google/code/findbugs/jsr305/1.3.9/jsr305-1.3.9.jar:/Users/giridharrajkumar/.m2/repository/org/checkerframework/checker-compat-qual/2.0.0/checker-compat-qual-2.0.0.jar:/Users/giridharrajkumar/.m2/repository/com/google/errorprone/error_prone_annotations/2.1.3/error_prone_annotations-2.1.3.jar:/Users/giridharrajkumar/.m2/repository/com/google/j2objc/j2objc-annotations/1.1/j2objc-annotations-1.1.jar:/Users/giridharrajkumar/.m2/repository/org/codehaus/mojo/animal-sniffer-annotations/1.14/animal-sniffer-annotations-1.14.jar:/Users/giridharrajkumar/.m2/repository/com/squareup/okhttp3/okhttp/3.11.0/okhttp-3.11.0.jar:/Users/giridharrajkumar/.m2/repository/com/squareup/okio/okio/1.14.0/okio-1.14.0.jar:/Users/giridharrajkumar/.m2/repository/junit/junit/4.13.2/junit-4.13.2.jar:/Users/giridharrajkumar/.m2/repository/org/hamcrest/hamcrest-core/1.3/hamcrest-core-1.3.jar:/Users/giridharrajkumar/.m2/repository/io/cucumber/cucumber-junit/6.10.0/cucumber-junit-6.10.0.jar:"/>
    <property name="java.vm.vendor" value="Oracle Corporation"/>
    <property name="sun.arch.data.model" value="64"/>
    <property name="java.vendor.url" value="https://openjdk.java.net/"/>
    <property name="user.timezone" value="Europe/London"/>
    <property name="java.vm.specification.version" value="11"/>
    <property name="os.name" value="Mac OS X"/>
    <property name="sun.java.launcher" value="SUN_STANDARD"/>
    <property name="user.country" value="GB"/>
    <property name="sun.boot.library.path" value="/Library/Java/JavaVirtualMachines/jdk-11.0.9.jdk/Contents/Home/lib"/>
    <property name="sun.java.command" value="/Users/giridharrajkumar/eclipse-workspace/cucumber-azure-devops-sample/target/surefire/surefirebooter4590464226503997432.jar /Users/giridharrajkumar/eclipse-workspace/cucumber-azure-devops-sample/target/surefire 2021-02-20T20-54-26_174-jvmRun1 surefire4363220933349505813tmp surefire_010818704511585050160tmp"/>
    <property name="http.nonProxyHosts" value="local|*.local|169.254/16|*.169.254/16"/>
    <property name="jdk.debug" value="release"/>
    <property name="surefire.test.class.path" value="/Users/giridharrajkumar/eclipse-workspace/cucumber-azure-devops-sample/target/test-classes:/Users/giridharrajkumar/eclipse-workspace/cucumber-azure-devops-sample/target/classes:/Users/giridharrajkumar/.m2/repository/io/cucumber/cucumber-java/6.10.0/cucumber-java-6.10.0.jar:/Users/giridharrajkumar/.m2/repository/io/cucumber/cucumber-core/6.10.0/cucumber-core-6.10.0.jar:/Users/giridharrajkumar/.m2/repository/io/cucumber/cucumber-gherkin/6.10.0/cucumber-gherkin-6.10.0.jar:/Users/giridharrajkumar/.m2/repository/io/cucumber/cucumber-gherkin-messages/6.10.0/cucumber-gherkin-messages-6.10.0.jar:/Users/giridharrajkumar/.m2/repository/io/cucumber/messages/14.0.1/messages-14.0.1.jar:/Users/giridharrajkumar/.m2/repository/io/cucumber/tag-expressions/3.0.0/tag-expressions-3.0.0.jar:/Users/giridharrajkumar/.m2/repository/io/cucumber/cucumber-expressions/10.3.0/cucumber-expressions-10.3.0.jar:/Users/giridharrajkumar/.m2/repository/io/cucumber/datatable/3.5.0/datatable-3.5.0.jar:/Users/giridharrajkumar/.m2/repository/io/cucumber/cucumber-plugin/6.10.0/cucumber-plugin-6.10.0.jar:/Users/giridharrajkumar/.m2/repository/io/cucumber/docstring/6.10.0/docstring-6.10.0.jar:/Users/giridharrajkumar/.m2/repository/io/cucumber/html-formatter/12.0.0/html-formatter-12.0.0.jar:/Users/giridharrajkumar/.m2/repository/io/cucumber/create-meta/3.0.0/create-meta-3.0.0.jar:/Users/giridharrajkumar/.m2/repository/org/apiguardian/apiguardian-api/1.1.1/apiguardian-api-1.1.1.jar:/Users/giridharrajkumar/.m2/repository/org/seleniumhq/selenium/selenium-java/3.141.59/selenium-java-3.141.59.jar:/Users/giridharrajkumar/.m2/repository/org/seleniumhq/selenium/selenium-api/3.141.59/selenium-api-3.141.59.jar:/Users/giridharrajkumar/.m2/repository/org/seleniumhq/selenium/selenium-chrome-driver/3.141.59/selenium-chrome-driver-3.141.59.jar:/Users/giridharrajkumar/.m2/repository/org/seleniumhq/selenium/selenium-edge-driver/3.141.59/selenium-edge-driver-3.141.59.jar:/Users/giridharrajkumar/.m2/repository/org/seleniumhq/selenium/selenium-firefox-driver/3.141.59/selenium-firefox-driver-3.141.59.jar:/Users/giridharrajkumar/.m2/repository/org/seleniumhq/selenium/selenium-ie-driver/3.141.59/selenium-ie-driver-3.141.59.jar:/Users/giridharrajkumar/.m2/repository/org/seleniumhq/selenium/selenium-opera-driver/3.141.59/selenium-opera-driver-3.141.59.jar:/Users/giridharrajkumar/.m2/repository/org/seleniumhq/selenium/selenium-remote-driver/3.141.59/selenium-remote-driver-3.141.59.jar:/Users/giridharrajkumar/.m2/repository/org/seleniumhq/selenium/selenium-safari-driver/3.141.59/selenium-safari-driver-3.141.59.jar:/Users/giridharrajkumar/.m2/repository/org/seleniumhq/selenium/selenium-support/3.141.59/selenium-support-3.141.59.jar:/Users/giridharrajkumar/.m2/repository/net/bytebuddy/byte-buddy/1.8.15/byte-buddy-1.8.15.jar:/Users/giridharrajkumar/.m2/repository/org/apache/commons/commons-exec/1.3/commons-exec-1.3.jar:/Users/giridharrajkumar/.m2/repository/com/google/guava/guava/25.0-jre/guava-25.0-jre.jar:/Users/giridharrajkumar/.m2/repository/com/google/code/findbugs/jsr305/1.3.9/jsr305-1.3.9.jar:/Users/giridharrajkumar/.m2/repository/org/checkerframework/checker-compat-qual/2.0.0/checker-compat-qual-2.0.0.jar:/Users/giridharrajkumar/.m2/repository/com/google/errorprone/error_prone_annotations/2.1.3/error_prone_annotations-2.1.3.jar:/Users/giridharrajkumar/.m2/repository/com/google/j2objc/j2objc-annotations/1.1/j2objc-annotations-1.1.jar:/Users/giridharrajkumar/.m2/repository/org/codehaus/mojo/animal-sniffer-annotations/1.14/animal-sniffer-annotations-1.14.jar:/Users/giridharrajkumar/.m2/repository/com/squareup/okhttp3/okhttp/3.11.0/okhttp-3.11.0.jar:/Users/giridharrajkumar/.m2/repository/com/squareup/okio/okio/1.14.0/okio-1.14.0.jar:/Users/giridharrajkumar/.m2/repository/junit/junit/4.13.2/junit-4.13.2.jar:/Users/giridharrajkumar/.m2/repository/org/hamcrest/hamcrest-core/1.3/hamcrest-core-1.3.jar:/Users/giridharrajkumar/.m2/repository/io/cucumber/cucumber-junit/6.10.0/cucumber-junit-6.10.0.jar:"/>
    <property name="sun.cpu.endian" value="little"/>
    <property name="user.home" value="/Users/giridharrajkumar"/>
    <property name="user.language" value="en"/>
    <property name="java.specification.vendor" value="Oracle Corporation"/>
    <property name="java.version.date" value="2020-10-20"/>
    <property name="java.home" value="/Library/Java/JavaVirtualMachines/jdk-11.0.9.jdk/Contents/Home"/>
    <property name="file.separator" value="/"/>
    <property name="basedir" value="/Users/giridharrajkumar/eclipse-workspace/cucumber-azure-devops-sample"/>
    <property name="java.vm.compressedOopsMode" value="Zero based"/>
    <property name="line.separator" value="&#10;"/>
    <property name="java.specification.name" value="Java Platform API Specification"/>
    <property name="java.vm.specification.vendor" value="Oracle Corporation"/>
    <property name="java.awt.graphicsenv" value="sun.awt.CGraphicsEnvironment"/>
    <property name="surefire.real.class.path" value="/Users/giridharrajkumar/eclipse-workspace/cucumber-azure-devops-sample/target/surefire/surefirebooter4590464226503997432.jar"/>
    <property name="sun.management.compiler" value="HotSpot 64-Bit Tiered Compilers"/>
    <property name="ftp.nonProxyHosts" value="local|*.local|169.254/16|*.169.254/16"/>
    <property name="java.runtime.version" value="11.0.9+7-LTS"/>
    <property name="user.name" value="giridharrajkumar"/>
    <property name="path.separator" value=":"/>
    <property name="os.version" value="10.16"/>
    <property name="java.runtime.name" value="Java(TM) SE Runtime Environment"/>
    <property name="file.encoding" value="UTF-8"/>
    <property name="java.vm.name" value="Java HotSpot(TM) 64-Bit Server VM"/>
    <property name="java.vendor.version" value="18.9"/>
    <property name="localRepository" value="/Users/giridharrajkumar/.m2/repository"/>
    <property name="java.vendor.url.bug" value="https://bugreport.java.com/bugreport/"/>
    <property name="java.io.tmpdir" value="/var/folders/0t/xt4pm85103qftmm6s855x7h40000gn/T/"/>
    <property name="java.version" value="11.0.9"/>
    <property name="cucumber.filter.tags" value="@smoke"/>
    <property name="user.dir" value="/Users/giridharrajkumar/eclipse-workspace/cucumber-azure-devops-sample"/>
    <property name="os.arch" value="x86_64"/>
    <property name="java.vm.specification.name" value="Java Virtual Machine Specification"/>
    <property name="java.awt.printerjob" value="sun.lwawt.macosx.CPrinterJob"/>
    <property name="sun.os.patch.level" value="unknown"/>
    <property name="java.library.path" value="/Users/giridharrajkumar/Library/Java/Extensions:/Library/Java/Extensions:/Network/Library/Java/Extensions:/System/Library/Java/Extensions:/usr/lib/java:."/>
    <property name="java.vendor" value="Oracle Corporation"/>
    <property name="java.vm.info" value="mixed mode"/>
    <property name="java.vm.version" value="11.0.9+7-LTS"/>
    <property name="sun.io.unicode.encoding" value="UnicodeBig"/>
    <property name="java.class.version" value="55.0"/>
    <property name="socksNonProxyHosts" value="local|*.local|169.254/16|*.169.254/16"/>
  </properties>
  <testcase name="Successful Login #1" classname="Login into Zero Web Security application" time="4.369"/>
</testsuite>